<?xml version="1.0" encoding="UTF-8"?>
<testng-results skipped="0" failed="0" ignored="0" total="3" passed="3">
  <reporter-output>
  </reporter-output>
  <suite name="Default suite" duration-ms="56" started-at="2021-03-19T09:47:00 IST" finished-at="2021-03-19T09:47:00 IST">
    <groups>
    </groups>
    <test name="Default test" duration-ms="56" started-at="2021-03-19T09:47:00 IST" finished-at="2021-03-19T09:47:00 IST">
      <class name="Demo1">
        <test-method status="PASS" signature="abc()[pri:0, instance:Demo1@5bb21b69]" name="abc" duration-ms="11" started-at="2021-03-19T09:47:00 IST" finished-at="2021-03-19T09:47:00 IST">
          <reporter-output>
          </reporter-output>
        </test-method> <!-- abc -->
        <test-method status="PASS" signature="acb()[pri:0, instance:Demo1@5bb21b69]" name="acb" duration-ms="1" started-at="2021-03-19T09:47:00 IST" finished-at="2021-03-19T09:47:00 IST">
          <reporter-output>
          </reporter-output>
        </test-method> <!-- acb -->
        <test-method status="PASS" signature="xyz()[pri:0, instance:Demo1@5bb21b69]" name="xyz" duration-ms="1" started-at="2021-03-19T09:47:00 IST" finished-at="2021-03-19T09:47:00 IST">
          <reporter-output>
          </reporter-output>
        </test-method> <!-- xyz -->
      </class> <!-- Demo1 -->
    </test> <!-- Default test -->
  </suite> <!-- Default suite -->
</testng-results>
